<?xml version="1.0" encoding="UTF-8"?>
<!-- Generated by org.testng.reporters.JUnitXMLReporter -->
<testsuite ignored="0" hostname="DESKTOP-185OOST" failures="0" tests="6" name="Test" time="66.325" errors="0" timestamp="2021-08-17T07:08:36 IST">
  <testcase classname="org.automation.testing.testcase.TC_002_DDF_Register" name="register" time="8.43"/>
  <testcase classname="org.automation.testing.testcase.TC_002_DDF_Register" name="register" time="8.064"/>
  <testcase classname="org.automation.testing.testcase.TC_002_DDF_Register" name="register" time="7.514"/>
  <testcase classname="org.automation.testing.testcase.TC_001_DDF_LoginFunctionality" name="loginfunctionality" time="7.843"/>
  <testcase classname="org.automation.testing.testcase.TC_001_DDF_LoginFunctionality" name="loginfunctionality" time="7.868"/>
  <testcase classname="org.automation.testing.testcase.TC_001_DDF_LoginFunctionality" name="loginfunctionality" time="8.277"/>
</testsuite> <!-- Test -->
