<?xml version="1.0" encoding="UTF-8"?>
<testng-results ignored="0" total="6" passed="6" failed="0" skipped="0">
  <reporter-output>
  </reporter-output>
  <suite started-at="2021-08-17T07:07:30 IST" name="Suite" finished-at="2021-08-17T07:08:36 IST" duration-ms="66325">
    <groups>
    </groups>
    <test started-at="2021-08-17T07:07:30 IST" name="Test" finished-at="2021-08-17T07:08:36 IST" duration-ms="66325">
      <class name="org.automation.testing.testcase.TC_002_DDF_Register">
        <test-method is-config="true" signature="initiateDriverInstanse()[pri:0, instance:org.automation.testing.testcase.TC_002_DDF_Register@4c371370]" started-at="2021-08-17T07:07:30 IST" name="initiateDriverInstanse" finished-at="2021-08-17T07:07:35 IST" duration-ms="4345" status="PASS">
          <reporter-output>
          </reporter-output>
        </test-method> <!-- initiateDriverInstanse -->
        <test-method signature="register(java.lang.String, java.lang.String, java.lang.String)[pri:0, instance:org.automation.testing.testcase.TC_002_DDF_Register@4c371370]" started-at="2021-08-17T07:07:35 IST" name="register" data-provider="login" finished-at="2021-08-17T07:07:43 IST" duration-ms="8430" status="PASS">
          <params>
            <param index="0">
              <value>
                <![CDATA[usr1@viewlift.com]]>
              </value>
            </param>
            <param index="1">
              <value>
                <![CDATA[user]]>
              </value>
            </param>
            <param index="2">
              <value>
                <![CDATA[12345]]>
              </value>
            </param>
          </params>
          <reporter-output>
          </reporter-output>
        </test-method> <!-- register -->
        <test-method is-config="true" signature="closeBrowser()[pri:0, instance:org.automation.testing.testcase.TC_002_DDF_Register@4c371370]" started-at="2021-08-17T07:07:43 IST" name="closeBrowser" finished-at="2021-08-17T07:07:43 IST" duration-ms="0" status="PASS">
          <reporter-output>
          </reporter-output>
        </test-method> <!-- closeBrowser -->
        <test-method is-config="true" signature="initiateDriverInstanse()[pri:0, instance:org.automation.testing.testcase.TC_002_DDF_Register@4c371370]" started-at="2021-08-17T07:07:43 IST" name="initiateDriverInstanse" finished-at="2021-08-17T07:07:46 IST" duration-ms="2673" status="PASS">
          <reporter-output>
          </reporter-output>
        </test-method> <!-- initiateDriverInstanse -->
        <test-method signature="register(java.lang.String, java.lang.String, java.lang.String)[pri:0, instance:org.automation.testing.testcase.TC_002_DDF_Register@4c371370]" started-at="2021-08-17T07:07:46 IST" name="register" data-provider="login" finished-at="2021-08-17T07:07:54 IST" duration-ms="8064" status="PASS">
          <params>
            <param index="0">
              <value>
                <![CDATA[usr2@viewlift.com]]>
              </value>
            </param>
            <param index="1">
              <value>
                <![CDATA[user2]]>
              </value>
            </param>
            <param index="2">
              <value>
                <![CDATA[12345]]>
              </value>
            </param>
          </params>
          <reporter-output>
          </reporter-output>
        </test-method> <!-- register -->
        <test-method is-config="true" signature="closeBrowser()[pri:0, instance:org.automation.testing.testcase.TC_002_DDF_Register@4c371370]" started-at="2021-08-17T07:07:54 IST" name="closeBrowser" finished-at="2021-08-17T07:07:54 IST" duration-ms="0" status="PASS">
          <reporter-output>
          </reporter-output>
        </test-method> <!-- closeBrowser -->
        <test-method is-config="true" signature="initiateDriverInstanse()[pri:0, instance:org.automation.testing.testcase.TC_002_DDF_Register@4c371370]" started-at="2021-08-17T07:07:54 IST" name="initiateDriverInstanse" finished-at="2021-08-17T07:07:57 IST" duration-ms="2686" status="PASS">
          <reporter-output>
          </reporter-output>
        </test-method> <!-- initiateDriverInstanse -->
        <test-method signature="register(java.lang.String, java.lang.String, java.lang.String)[pri:0, instance:org.automation.testing.testcase.TC_002_DDF_Register@4c371370]" started-at="2021-08-17T07:07:57 IST" name="register" data-provider="login" finished-at="2021-08-17T07:08:04 IST" duration-ms="7514" status="PASS">
          <params>
            <param index="0">
              <value>
                <![CDATA[usr3@viewlift.com]]>
              </value>
            </param>
            <param index="1">
              <value>
                <![CDATA[user3]]>
              </value>
            </param>
            <param index="2">
              <value>
                <![CDATA[12345]]>
              </value>
            </param>
          </params>
          <reporter-output>
          </reporter-output>
        </test-method> <!-- register -->
        <test-method is-config="true" signature="closeBrowser()[pri:0, instance:org.automation.testing.testcase.TC_002_DDF_Register@4c371370]" started-at="2021-08-17T07:08:04 IST" name="closeBrowser" finished-at="2021-08-17T07:08:04 IST" duration-ms="1" status="PASS">
          <reporter-output>
          </reporter-output>
        </test-method> <!-- closeBrowser -->
      </class> <!-- org.automation.testing.testcase.TC_002_DDF_Register -->
      <class name="org.automation.testing.testcase.TC_001_DDF_LoginFunctionality">
        <test-method is-config="true" signature="initiateDriverInstanse()[pri:0, instance:org.automation.testing.testcase.TC_001_DDF_LoginFunctionality@145f66e3]" started-at="2021-08-17T07:08:04 IST" name="initiateDriverInstanse" finished-at="2021-08-17T07:08:07 IST" duration-ms="2653" status="PASS">
          <reporter-output>
          </reporter-output>
        </test-method> <!-- initiateDriverInstanse -->
        <test-method signature="loginfunctionality(java.lang.String, java.lang.String)[pri:0, instance:org.automation.testing.testcase.TC_001_DDF_LoginFunctionality@145f66e3]" started-at="2021-08-17T07:08:07 IST" name="loginfunctionality" data-provider="login" finished-at="2021-08-17T07:08:15 IST" duration-ms="7843" status="PASS">
          <params>
            <param index="0">
              <value>
                <![CDATA[kapil111@viewlift.com]]>
              </value>
            </param>
            <param index="1">
              <value>
                <![CDATA[12345]]>
              </value>
            </param>
          </params>
          <reporter-output>
          </reporter-output>
        </test-method> <!-- loginfunctionality -->
        <test-method is-config="true" signature="initiateDriverInstanse()[pri:0, instance:org.automation.testing.testcase.TC_001_DDF_LoginFunctionality@145f66e3]" started-at="2021-08-17T07:08:15 IST" name="initiateDriverInstanse" finished-at="2021-08-17T07:08:17 IST" duration-ms="2683" status="PASS">
          <reporter-output>
          </reporter-output>
        </test-method> <!-- initiateDriverInstanse -->
        <test-method is-config="true" signature="closeBrowser()[pri:0, instance:org.automation.testing.testcase.TC_001_DDF_LoginFunctionality@145f66e3]" started-at="2021-08-17T07:08:15 IST" name="closeBrowser" finished-at="2021-08-17T07:08:15 IST" duration-ms="0" status="PASS">
          <reporter-output>
          </reporter-output>
        </test-method> <!-- closeBrowser -->
        <test-method signature="loginfunctionality(java.lang.String, java.lang.String)[pri:0, instance:org.automation.testing.testcase.TC_001_DDF_LoginFunctionality@145f66e3]" started-at="2021-08-17T07:08:17 IST" name="loginfunctionality" data-provider="login" finished-at="2021-08-17T07:08:25 IST" duration-ms="7868" status="PASS">
          <params>
            <param index="0">
              <value>
                <![CDATA[kapil113@viewlift.com]]>
              </value>
            </param>
            <param index="1">
              <value>
                <![CDATA[12345]]>
              </value>
            </param>
          </params>
          <reporter-output>
          </reporter-output>
        </test-method> <!-- loginfunctionality -->
        <test-method is-config="true" signature="closeBrowser()[pri:0, instance:org.automation.testing.testcase.TC_001_DDF_LoginFunctionality@145f66e3]" started-at="2021-08-17T07:08:25 IST" name="closeBrowser" finished-at="2021-08-17T07:08:25 IST" duration-ms="0" status="PASS">
          <reporter-output>
          </reporter-output>
        </test-method> <!-- closeBrowser -->
        <test-method is-config="true" signature="initiateDriverInstanse()[pri:0, instance:org.automation.testing.testcase.TC_001_DDF_LoginFunctionality@145f66e3]" started-at="2021-08-17T07:08:25 IST" name="initiateDriverInstanse" finished-at="2021-08-17T07:08:28 IST" duration-ms="2754" status="PASS">
          <reporter-output>
          </reporter-output>
        </test-method> <!-- initiateDriverInstanse -->
        <test-method signature="loginfunctionality(java.lang.String, java.lang.String)[pri:0, instance:org.automation.testing.testcase.TC_001_DDF_LoginFunctionality@145f66e3]" started-at="2021-08-17T07:08:28 IST" name="loginfunctionality" data-provider="login" finished-at="2021-08-17T07:08:36 IST" duration-ms="8277" status="PASS">
          <params>
            <param index="0">
              <value>
                <![CDATA[kapil1131@viewlift.com]]>
              </value>
            </param>
            <param index="1">
              <value>
                <![CDATA[12345]]>
              </value>
            </param>
          </params>
          <reporter-output>
          </reporter-output>
        </test-method> <!-- loginfunctionality -->
        <test-method is-config="true" signature="closeBrowser()[pri:0, instance:org.automation.testing.testcase.TC_001_DDF_LoginFunctionality@145f66e3]" started-at="2021-08-17T07:08:36 IST" name="closeBrowser" finished-at="2021-08-17T07:08:36 IST" duration-ms="0" status="PASS">
          <reporter-output>
          </reporter-output>
        </test-method> <!-- closeBrowser -->
      </class> <!-- org.automation.testing.testcase.TC_001_DDF_LoginFunctionality -->
    </test> <!-- Test -->
  </suite> <!-- Suite -->
</testng-results>
