<?xml version="1.0" encoding="UTF-8"?>
<!-- Generated by org.testng.reporters.JUnitXMLReporter -->
<testsuite ignored="0" hostname="DESKTOP-185OOST" failures="0" tests="8" name="Default test" time="36.722" errors="0" timestamp="2022-01-23T20:18:20 IST">
  <testcase classname="org.automation.testing.testcase.TestCase_ValidateNewManufacturingOrder" name="appLogin" time="3.649"/>
  <testcase classname="org.automation.testing.testcase.TestCase_ValidateNewManufacturingOrder" name="inventoryFeature" time="2.048"/>
  <testcase classname="org.automation.testing.testcase.TestCase_ValidateNewManufacturingOrder" name="createNewProduct" time="4.972"/>
  <testcase classname="org.automation.testing.testcase.TestCase_ValidateNewManufacturingOrder" name="updateProductQuantity" time="4.813"/>
  <testcase classname="org.automation.testing.testcase.TestCase_ValidateNewManufacturingOrder" name="applicationIcon" time="2.07"/>
  <testcase classname="org.automation.testing.testcase.TestCase_ValidateNewManufacturingOrder" name="createmanufacturingOrder" time="10.457"/>
  <testcase classname="org.automation.testing.testcase.TestCase_ValidateNewManufacturingOrder" name="updateStatusDone" time="5.487"/>
  <testcase classname="org.automation.testing.testcase.TestCase_ValidateNewManufacturingOrder" name="validateManufacturigOrder" time="3.175"/>
</testsuite> <!-- Default test -->
