<?xml version="1.0" encoding="UTF-8"?>
<!-- Generated by org.testng.reporters.JUnitXMLReporter -->
<testsuite ignored="0" hostname="DESKTOP-185OOST" failures="0" tests="8" name="Test" time="35.677" errors="0" timestamp="2022-01-23T20:20:00 IST">
  <testcase classname="org.automation.testing.testcase.TestCase_ValidateNewManufacturingOrder" name="appLogin" time="2.809"/>
  <testcase classname="org.automation.testing.testcase.TestCase_ValidateNewManufacturingOrder" name="inventoryFeature" time="2.157"/>
  <testcase classname="org.automation.testing.testcase.TestCase_ValidateNewManufacturingOrder" name="createNewProduct" time="5.073"/>
  <testcase classname="org.automation.testing.testcase.TestCase_ValidateNewManufacturingOrder" name="updateProductQuantity" time="4.834"/>
  <testcase classname="org.automation.testing.testcase.TestCase_ValidateNewManufacturingOrder" name="applicationIcon" time="2.075"/>
  <testcase classname="org.automation.testing.testcase.TestCase_ValidateNewManufacturingOrder" name="createmanufacturingOrder" time="10.057"/>
  <testcase classname="org.automation.testing.testcase.TestCase_ValidateNewManufacturingOrder" name="updateStatusDone" time="5.448"/>
  <testcase classname="org.automation.testing.testcase.TestCase_ValidateNewManufacturingOrder" name="validateManufacturigOrder" time="3.177"/>
</testsuite> <!-- Test -->
