<?xml version="1.0" encoding="UTF-8"?>
<testng-results ignored="0" total="8" passed="8" failed="0" skipped="0">
  <reporter-output>
  </reporter-output>
  <suite started-at="2022-01-23T20:19:24 IST" name="Suite" finished-at="2022-01-23T20:20:00 IST" duration-ms="35677">
    <groups>
    </groups>
    <test started-at="2022-01-23T20:19:24 IST" name="Test" finished-at="2022-01-23T20:20:00 IST" duration-ms="35677">
      <class name="org.automation.testing.testcase.TestCase_ValidateNewManufacturingOrder">
        <test-method is-config="true" signature="initiateDriverInstanse()[pri:0, instance:org.automation.testing.testcase.TestCase_ValidateNewManufacturingOrder@c03cf28]" started-at="2022-01-23T20:19:21 IST" name="initiateDriverInstanse" finished-at="2022-01-23T20:19:24 IST" duration-ms="3272" status="PASS">
          <reporter-output>
          </reporter-output>
        </test-method> <!-- initiateDriverInstanse -->
        <test-method is-config="true" signature="initiateDriverInstanse1()[pri:0, instance:org.automation.testing.testcase.TestCase_ValidateNewManufacturingOrder@c03cf28]" started-at="2022-01-23T20:19:24 IST" name="initiateDriverInstanse1" finished-at="2022-01-23T20:19:24 IST" duration-ms="0" status="PASS">
          <reporter-output>
          </reporter-output>
        </test-method> <!-- initiateDriverInstanse1 -->
        <test-method signature="appLogin()[pri:1, instance:org.automation.testing.testcase.TestCase_ValidateNewManufacturingOrder@c03cf28]" started-at="2022-01-23T20:19:24 IST" name="appLogin" finished-at="2022-01-23T20:19:27 IST" duration-ms="2809" status="PASS">
          <reporter-output>
          </reporter-output>
        </test-method> <!-- appLogin -->
        <test-method is-config="true" signature="initiateDriverInstanse2()[pri:0, instance:org.automation.testing.testcase.TestCase_ValidateNewManufacturingOrder@c03cf28]" started-at="2022-01-23T20:19:27 IST" name="initiateDriverInstanse2" finished-at="2022-01-23T20:19:27 IST" duration-ms="0" status="PASS">
          <reporter-output>
          </reporter-output>
        </test-method> <!-- initiateDriverInstanse2 -->
        <test-method is-config="true" signature="initiateDriverInstanse1()[pri:0, instance:org.automation.testing.testcase.TestCase_ValidateNewManufacturingOrder@c03cf28]" started-at="2022-01-23T20:19:27 IST" name="initiateDriverInstanse1" finished-at="2022-01-23T20:19:27 IST" duration-ms="1" status="PASS">
          <reporter-output>
          </reporter-output>
        </test-method> <!-- initiateDriverInstanse1 -->
        <test-method signature="inventoryFeature()[pri:2, instance:org.automation.testing.testcase.TestCase_ValidateNewManufacturingOrder@c03cf28]" started-at="2022-01-23T20:19:27 IST" name="inventoryFeature" finished-at="2022-01-23T20:19:29 IST" duration-ms="2157" status="PASS">
          <reporter-output>
          </reporter-output>
        </test-method> <!-- inventoryFeature -->
        <test-method is-config="true" signature="initiateDriverInstanse2()[pri:0, instance:org.automation.testing.testcase.TestCase_ValidateNewManufacturingOrder@c03cf28]" started-at="2022-01-23T20:19:29 IST" name="initiateDriverInstanse2" finished-at="2022-01-23T20:19:29 IST" duration-ms="0" status="PASS">
          <reporter-output>
          </reporter-output>
        </test-method> <!-- initiateDriverInstanse2 -->
        <test-method signature="createNewProduct()[pri:3, instance:org.automation.testing.testcase.TestCase_ValidateNewManufacturingOrder@c03cf28]" started-at="2022-01-23T20:19:29 IST" name="createNewProduct" finished-at="2022-01-23T20:19:34 IST" duration-ms="5073" status="PASS">
          <reporter-output>
          </reporter-output>
        </test-method> <!-- createNewProduct -->
        <test-method is-config="true" signature="initiateDriverInstanse1()[pri:0, instance:org.automation.testing.testcase.TestCase_ValidateNewManufacturingOrder@c03cf28]" started-at="2022-01-23T20:19:29 IST" name="initiateDriverInstanse1" finished-at="2022-01-23T20:19:29 IST" duration-ms="0" status="PASS">
          <reporter-output>
          </reporter-output>
        </test-method> <!-- initiateDriverInstanse1 -->
        <test-method is-config="true" signature="initiateDriverInstanse2()[pri:0, instance:org.automation.testing.testcase.TestCase_ValidateNewManufacturingOrder@c03cf28]" started-at="2022-01-23T20:19:34 IST" name="initiateDriverInstanse2" finished-at="2022-01-23T20:19:34 IST" duration-ms="0" status="PASS">
          <reporter-output>
          </reporter-output>
        </test-method> <!-- initiateDriverInstanse2 -->
        <test-method is-config="true" signature="initiateDriverInstanse1()[pri:0, instance:org.automation.testing.testcase.TestCase_ValidateNewManufacturingOrder@c03cf28]" started-at="2022-01-23T20:19:34 IST" name="initiateDriverInstanse1" finished-at="2022-01-23T20:19:34 IST" duration-ms="0" status="PASS">
          <reporter-output>
          </reporter-output>
        </test-method> <!-- initiateDriverInstanse1 -->
        <test-method signature="updateProductQuantity()[pri:4, instance:org.automation.testing.testcase.TestCase_ValidateNewManufacturingOrder@c03cf28]" started-at="2022-01-23T20:19:34 IST" name="updateProductQuantity" finished-at="2022-01-23T20:19:39 IST" duration-ms="4834" status="PASS">
          <reporter-output>
          </reporter-output>
        </test-method> <!-- updateProductQuantity -->
        <test-method is-config="true" signature="initiateDriverInstanse2()[pri:0, instance:org.automation.testing.testcase.TestCase_ValidateNewManufacturingOrder@c03cf28]" started-at="2022-01-23T20:19:39 IST" name="initiateDriverInstanse2" finished-at="2022-01-23T20:19:39 IST" duration-ms="0" status="PASS">
          <reporter-output>
          </reporter-output>
        </test-method> <!-- initiateDriverInstanse2 -->
        <test-method signature="applicationIcon()[pri:5, instance:org.automation.testing.testcase.TestCase_ValidateNewManufacturingOrder@c03cf28]" started-at="2022-01-23T20:19:39 IST" name="applicationIcon" finished-at="2022-01-23T20:19:41 IST" duration-ms="2075" status="PASS">
          <reporter-output>
          </reporter-output>
        </test-method> <!-- applicationIcon -->
        <test-method is-config="true" signature="initiateDriverInstanse1()[pri:0, instance:org.automation.testing.testcase.TestCase_ValidateNewManufacturingOrder@c03cf28]" started-at="2022-01-23T20:19:39 IST" name="initiateDriverInstanse1" finished-at="2022-01-23T20:19:39 IST" duration-ms="0" status="PASS">
          <reporter-output>
          </reporter-output>
        </test-method> <!-- initiateDriverInstanse1 -->
        <test-method is-config="true" signature="initiateDriverInstanse2()[pri:0, instance:org.automation.testing.testcase.TestCase_ValidateNewManufacturingOrder@c03cf28]" started-at="2022-01-23T20:19:41 IST" name="initiateDriverInstanse2" finished-at="2022-01-23T20:19:41 IST" duration-ms="0" status="PASS">
          <reporter-output>
          </reporter-output>
        </test-method> <!-- initiateDriverInstanse2 -->
        <test-method is-config="true" signature="initiateDriverInstanse1()[pri:0, instance:org.automation.testing.testcase.TestCase_ValidateNewManufacturingOrder@c03cf28]" started-at="2022-01-23T20:19:41 IST" name="initiateDriverInstanse1" finished-at="2022-01-23T20:19:41 IST" duration-ms="0" status="PASS">
          <reporter-output>
          </reporter-output>
        </test-method> <!-- initiateDriverInstanse1 -->
        <test-method signature="createmanufacturingOrder()[pri:6, instance:org.automation.testing.testcase.TestCase_ValidateNewManufacturingOrder@c03cf28]" started-at="2022-01-23T20:19:41 IST" name="createmanufacturingOrder" finished-at="2022-01-23T20:19:51 IST" duration-ms="10057" status="PASS">
          <reporter-output>
          </reporter-output>
        </test-method> <!-- createmanufacturingOrder -->
        <test-method is-config="true" signature="initiateDriverInstanse2()[pri:0, instance:org.automation.testing.testcase.TestCase_ValidateNewManufacturingOrder@c03cf28]" started-at="2022-01-23T20:19:51 IST" name="initiateDriverInstanse2" finished-at="2022-01-23T20:19:51 IST" duration-ms="0" status="PASS">
          <reporter-output>
          </reporter-output>
        </test-method> <!-- initiateDriverInstanse2 -->
        <test-method is-config="true" signature="initiateDriverInstanse1()[pri:0, instance:org.automation.testing.testcase.TestCase_ValidateNewManufacturingOrder@c03cf28]" started-at="2022-01-23T20:19:51 IST" name="initiateDriverInstanse1" finished-at="2022-01-23T20:19:51 IST" duration-ms="0" status="PASS">
          <reporter-output>
          </reporter-output>
        </test-method> <!-- initiateDriverInstanse1 -->
        <test-method signature="updateStatusDone()[pri:7, instance:org.automation.testing.testcase.TestCase_ValidateNewManufacturingOrder@c03cf28]" started-at="2022-01-23T20:19:51 IST" name="updateStatusDone" finished-at="2022-01-23T20:19:57 IST" duration-ms="5448" status="PASS">
          <reporter-output>
          </reporter-output>
        </test-method> <!-- updateStatusDone -->
        <test-method is-config="true" signature="initiateDriverInstanse2()[pri:0, instance:org.automation.testing.testcase.TestCase_ValidateNewManufacturingOrder@c03cf28]" started-at="2022-01-23T20:19:57 IST" name="initiateDriverInstanse2" finished-at="2022-01-23T20:19:57 IST" duration-ms="0" status="PASS">
          <reporter-output>
          </reporter-output>
        </test-method> <!-- initiateDriverInstanse2 -->
        <test-method is-config="true" signature="initiateDriverInstanse1()[pri:0, instance:org.automation.testing.testcase.TestCase_ValidateNewManufacturingOrder@c03cf28]" started-at="2022-01-23T20:19:57 IST" name="initiateDriverInstanse1" finished-at="2022-01-23T20:19:57 IST" duration-ms="0" status="PASS">
          <reporter-output>
          </reporter-output>
        </test-method> <!-- initiateDriverInstanse1 -->
        <test-method signature="validateManufacturigOrder()[pri:8, instance:org.automation.testing.testcase.TestCase_ValidateNewManufacturingOrder@c03cf28]" started-at="2022-01-23T20:19:57 IST" name="validateManufacturigOrder" finished-at="2022-01-23T20:20:00 IST" duration-ms="3177" status="PASS">
          <reporter-output>
          </reporter-output>
        </test-method> <!-- validateManufacturigOrder -->
        <test-method is-config="true" signature="initiateDriverInstanse2()[pri:0, instance:org.automation.testing.testcase.TestCase_ValidateNewManufacturingOrder@c03cf28]" started-at="2022-01-23T20:20:00 IST" name="initiateDriverInstanse2" finished-at="2022-01-23T20:20:00 IST" duration-ms="0" status="PASS">
          <reporter-output>
          </reporter-output>
        </test-method> <!-- initiateDriverInstanse2 -->
        <test-method is-config="true" signature="closeBrowser()[pri:0, instance:org.automation.testing.testcase.TestCase_ValidateNewManufacturingOrder@c03cf28]" started-at="2022-01-23T20:20:00 IST" name="closeBrowser" finished-at="2022-01-23T20:20:00 IST" duration-ms="0" status="PASS">
          <reporter-output>
          </reporter-output>
        </test-method> <!-- closeBrowser -->
      </class> <!-- org.automation.testing.testcase.TestCase_ValidateNewManufacturingOrder -->
    </test> <!-- Test -->
  </suite> <!-- Suite -->
</testng-results>
